<?xml version="1.0" encoding="UTF-8"?>
<!-- Generated by org.testng.reporters.JUnitReportReporter -->
<testsuite hostname="HBCNPC005" name="com.haiberg.automation.apps.client.crworkflow.PMSendBackConfirmRequest3" tests="1" failures="0" timestamp="11 Dec 2015 07:31:40 GMT" time="31.422" errors="0">
  <testcase name="CheckPMSendBackConfirmationRequest" time="31.422" classname="com.haiberg.automation.apps.client.crworkflow.PMSendBackConfirmRequest3"/>
</testsuite> <!-- com.haiberg.automation.apps.client.crworkflow.PMSendBackConfirmRequest3 -->
