<?xml version="1.0" encoding="UTF-8"?>
<!-- Generated by org.testng.reporters.JUnitReportReporter -->
<testsuite hostname="HBCNPC005" name="com.haiberg.automation.apps.client.crworkflow.PMLogout" tests="1" failures="0" timestamp="12 Aug 2015 02:55:38 GMT" time="6.195" errors="0">
  <testcase name="CheckLogout" time="6.195" classname="com.haiberg.automation.apps.client.crworkflow.PMLogout"/>
</testsuite> <!-- com.haiberg.automation.apps.client.crworkflow.PMLogout -->
