<?xml version="1.0" encoding="UTF-8"?>
<!-- Generated by org.testng.reporters.JUnitReportReporter -->
<testsuite hostname="HBCNPC005" name="com.haiberg.automation.apps.client.crworkflow.CreateConfirmationRequest" tests="1" failures="0" timestamp="12 Aug 2015 06:17:14 GMT" time="37.753" errors="0">
  <testcase name="CheckCreateConfirmationRequest" time="37.753" classname="com.haiberg.automation.apps.client.crworkflow.CreateConfirmationRequest"/>
</testsuite> <!-- com.haiberg.automation.apps.client.crworkflow.CreateConfirmationRequest -->
