<?xml version="1.0" encoding="UTF-8"?>
<!-- Generated by org.testng.reporters.JUnitReportReporter -->
<testsuite hostname="HBCNPC005" name="com.haiberg.automation.apps.client.testcases.UserLogout" tests="1" failures="0" timestamp="11 Dec 2015 07:31:40 GMT" time="6.679" errors="0">
  <testcase name="CheckLogout" time="6.679" classname="com.haiberg.automation.apps.client.testcases.UserLogout"/>
</testsuite> <!-- com.haiberg.automation.apps.client.testcases.UserLogout -->
