<?xml version="1.0" encoding="UTF-8"?>
<!-- Generated by org.testng.reporters.JUnitReportReporter -->
<testsuite hostname="HBCNPC005" name="com.haiberg.automation.apps.client.testcases.KIKBookP2Ticket05" tests="1" failures="0" timestamp="9 Mar 2016 07:55:34 GMT" time="46.104" errors="0">
  <testcase name="CheckKIKBookP2Ticket05" time="46.104" classname="com.haiberg.automation.apps.client.testcases.KIKBookP2Ticket05"/>
</testsuite> <!-- com.haiberg.automation.apps.client.testcases.KIKBookP2Ticket05 -->
