<?xml version="1.0" encoding="UTF-8"?>
<!-- Generated by org.testng.reporters.JUnitReportReporter -->
<testsuite hostname="HBCNPC005" name="com.haiberg.automation.apps.client.crworkflow.CEOpenDisagreeAndSendConfirmationRequest8" tests="1" failures="0" timestamp="11 Dec 2015 07:31:40 GMT" time="31.720" errors="0">
  <testcase name="CheckCEOpenAndDisagreeConfirmationRequest" time="31.720" classname="com.haiberg.automation.apps.client.crworkflow.CEOpenDisagreeAndSendConfirmationRequest8"/>
</testsuite> <!-- com.haiberg.automation.apps.client.crworkflow.CEOpenDisagreeAndSendConfirmationRequest8 -->
