<?xml version="1.0" encoding="UTF-8"?>
<!-- Generated by org.testng.reporters.JUnitReportReporter -->
<testsuite hostname="HBCNPC005" name="com.haiberg.automation.apps.client.testcases.OpenStore" tests="1" failures="0" timestamp="29 Feb 2016 02:41:23 GMT" time="38.807" errors="0">
  <testcase name="CheckUserLogin" time="38.807" classname="com.haiberg.automation.apps.client.testcases.OpenStore"/>
</testsuite> <!-- com.haiberg.automation.apps.client.testcases.OpenStore -->
