<?xml version="1.0" encoding="UTF-8"?>
<!-- Generated by org.testng.reporters.JUnitReportReporter -->
<testsuite hostname="HBCNPC005" name="com.haiberg.automation.apps.client.testcases.MPBookKIKTicket04" tests="1" failures="0" timestamp="9 Mar 2016 07:55:34 GMT" time="50.713" errors="0">
  <testcase name="CheckMPBookKIKTicket04" time="50.713" classname="com.haiberg.automation.apps.client.testcases.MPBookKIKTicket04"/>
</testsuite> <!-- com.haiberg.automation.apps.client.testcases.MPBookKIKTicket04 -->
