<?xml version="1.0" encoding="UTF-8"?>
<!-- Generated by org.testng.reporters.JUnitReportReporter -->
<testsuite hostname="HBCNPC005" name="com.haiberg.automation.apps.client.testcases.CreateConfirmationRequest" tests="1" failures="0" timestamp="30 Jul 2015 08:04:03 GMT" time="48.433" errors="0">
  <testcase name="CheckCreateConfirmationRequest" time="48.433" classname="com.haiberg.automation.apps.client.testcases.CreateConfirmationRequest"/>
</testsuite> <!-- com.haiberg.automation.apps.client.testcases.CreateConfirmationRequest -->
