<?xml version="1.0" encoding="UTF-8"?>
<!-- Generated by org.testng.reporters.JUnitReportReporter -->
<testsuite hostname="HBCNPC005" name="com.haiberg.automation.apps.client.crworkflow.PMDisagreeUMConfirmationRequest14" tests="1" failures="0" timestamp="11 Dec 2015 07:31:40 GMT" time="70.640" errors="0">
  <testcase name="CheckPMDisagreeUMConfirmationRequest" time="70.640" classname="com.haiberg.automation.apps.client.crworkflow.PMDisagreeUMConfirmationRequest14"/>
</testsuite> <!-- com.haiberg.automation.apps.client.crworkflow.PMDisagreeUMConfirmationRequest14 -->
