<?xml version="1.0" encoding="UTF-8"?>
<!-- Generated by org.testng.reporters.JUnitReportReporter -->
<testsuite hostname="HBCNPC005" name="com.haiberg.automation.apps.client.testcases.UserLogin" tests="1" failures="0" timestamp="9 Mar 2016 09:32:26 GMT" time="18.704" errors="0">
  <testcase name="CheckUserLogin" time="18.704" classname="com.haiberg.automation.apps.client.testcases.UserLogin"/>
</testsuite> <!-- com.haiberg.automation.apps.client.testcases.UserLogin -->
