<?xml version="1.0" encoding="UTF-8"?>
<!-- Generated by org.testng.reporters.JUnitReportReporter -->
<testsuite hostname="HBCNPC005" name="com.haiberg.automation.apps.client.testcases.CreateMessage" tests="2" failures="0" timestamp="15 Jun 2015 08:02:42 GMT" time="52.773" errors="0">
  <testcase name="CheckCreateMessage" time="26.081" classname="com.haiberg.automation.apps.client.testcases.CreateMessage"/>
  <testcase name="CheckCreateMessage" time="26.692" classname="com.haiberg.automation.apps.client.testcases.CreateMessage"/>
</testsuite> <!-- com.haiberg.automation.apps.client.testcases.CreateMessage -->
