<?xml version="1.0" encoding="UTF-8"?>
<!-- Generated by org.testng.reporters.JUnitReportReporter -->
<testsuite hostname="HBCNPC005" name="com.haiberg.automation.apps.client.testcases.KIKOpenANewStore01" tests="1" failures="0" timestamp="9 Mar 2016 09:32:26 GMT" time="2.876" errors="0">
  <testcase name="CheckKIKOpenANewStore01" time="2.876" classname="com.haiberg.automation.apps.client.testcases.KIKOpenANewStore01"/>
</testsuite> <!-- com.haiberg.automation.apps.client.testcases.KIKOpenANewStore01 -->
