<?xml version="1.0" encoding="UTF-8"?>
<!-- Generated by org.testng.reporters.JUnitReportReporter -->
<testsuite hostname="HBCNPC005" name="com.haiberg.automation.apps.client.testcases.CheckHomeFuzzySearch" tests="4" failures="4" timestamp="2 Sep 2015 06:12:16 GMT" time="9.041" errors="0">
  <testcase name="CheckHomeFuzzySearchNumber" time="2.102" classname="com.haiberg.automation.apps.client.testcases.CheckHomeFuzzySearch">
    <failure type="com.jacob.com.ComFailException" message="Invoke of: AddPicture
Source: Microsoft Word
Description: 这不是有效文件名。
请试用下列方法: 
* 检查路径，确认键入无误。
* 从文件和文件夹列表中选择文件。
">
      <![CDATA[com.jacob.com.ComFailException: Invoke of: AddPicture
Source: Microsoft Word
Description: 这不是有效文件名。
请试用下列方法: 
* 检查路径，确认键入无误。
* 从文件和文件夹列表中选择文件。

	at com.jacob.com.Dispatch.invokev(Native Method)
	at com.jacob.com.Dispatch.invokev(Dispatch.java:625)
	at com.jacob.com.Dispatch.callN(Dispatch.java:453)
	at com.jacob.com.Dispatch.call(Dispatch.java:541)
	at com.haiberg.automation.core.logger.control.WordManager.insertImage(WordManager.java:198)
	at com.haiberg.automation.core.logger.control.CoreLogger.error(CoreLogger.java:86)
	at com.haiberg.automation.CoreAuto.CoreAutomation.assertTrue(CoreAutomation.java:53)
	at com.haiberg.automation.apps.client.testcases.CheckHomeFuzzySearch.CheckHomeFuzzySearchNumber(CheckHomeFuzzySearch.java:105)
	at sun.reflect.NativeMethodAccessorImpl.invoke0(Native Method)
	at sun.reflect.NativeMethodAccessorImpl.invoke(NativeMethodAccessorImpl.java:57)
	at sun.reflect.DelegatingMethodAccessorImpl.invoke(DelegatingMethodAccessorImpl.java:43)
	at java.lang.reflect.Method.invoke(Method.java:606)
	at org.testng.internal.MethodInvocationHelper.invokeMethod(MethodInvocationHelper.java:84)
	at org.testng.internal.Invoker.invokeMethod(Invoker.java:714)
	at org.testng.internal.Invoker.invokeTestMethod(Invoker.java:901)
	at org.testng.internal.Invoker.invokeTestMethods(Invoker.java:1231)
	at org.testng.internal.TestMethodWorker.invokeTestMethods(TestMethodWorker.java:127)
	at org.testng.internal.TestMethodWorker.run(TestMethodWorker.java:111)
	at org.testng.TestRunner.privateRun(TestRunner.java:767)
	at org.testng.TestRunner.run(TestRunner.java:617)
	at org.testng.SuiteRunner.runTest(SuiteRunner.java:334)
	at org.testng.SuiteRunner.runSequentially(SuiteRunner.java:329)
	at org.testng.SuiteRunner.privateRun(SuiteRunner.java:291)
	at org.testng.SuiteRunner.run(SuiteRunner.java:240)
	at org.testng.SuiteRunnerWorker.runSuite(SuiteRunnerWorker.java:52)
	at org.testng.SuiteRunnerWorker.run(SuiteRunnerWorker.java:86)
	at org.testng.TestNG.runSuitesSequentially(TestNG.java:1224)
	at org.testng.TestNG.runSuitesLocally(TestNG.java:1149)
	at org.testng.TestNG.run(TestNG.java:1057)
	at org.testng.remote.RemoteTestNG.run(RemoteTestNG.java:111)
	at org.testng.remote.RemoteTestNG.initAndRun(RemoteTestNG.java:204)
	at org.testng.remote.RemoteTestNG.main(RemoteTestNG.java:175)
]]>
    </failure>
  </testcase> <!-- CheckHomeFuzzySearchNumber -->
  <testcase name="CheckHomeFuzzySearchNumber" time="1.943" classname="com.haiberg.automation.apps.client.testcases.CheckHomeFuzzySearch">
    <failure type="com.jacob.com.ComFailException" message="Invoke of: AddPicture
Source: Microsoft Word
Description: 这不是有效文件名。
请试用下列方法: 
* 检查路径，确认键入无误。
* 从文件和文件夹列表中选择文件。
">
      <![CDATA[com.jacob.com.ComFailException: Invoke of: AddPicture
Source: Microsoft Word
Description: 这不是有效文件名。
请试用下列方法: 
* 检查路径，确认键入无误。
* 从文件和文件夹列表中选择文件。

	at com.jacob.com.Dispatch.invokev(Native Method)
	at com.jacob.com.Dispatch.invokev(Dispatch.java:625)
	at com.jacob.com.Dispatch.callN(Dispatch.java:453)
	at com.jacob.com.Dispatch.call(Dispatch.java:541)
	at com.haiberg.automation.core.logger.control.WordManager.insertImage(WordManager.java:198)
	at com.haiberg.automation.core.logger.control.CoreLogger.error(CoreLogger.java:86)
	at com.haiberg.automation.CoreAuto.CoreAutomation.assertTrue(CoreAutomation.java:53)
	at com.haiberg.automation.apps.client.testcases.CheckHomeFuzzySearch.CheckHomeFuzzySearchNumber(CheckHomeFuzzySearch.java:105)
	at sun.reflect.NativeMethodAccessorImpl.invoke0(Native Method)
	at sun.reflect.NativeMethodAccessorImpl.invoke(NativeMethodAccessorImpl.java:57)
	at sun.reflect.DelegatingMethodAccessorImpl.invoke(DelegatingMethodAccessorImpl.java:43)
	at java.lang.reflect.Method.invoke(Method.java:606)
	at org.testng.internal.MethodInvocationHelper.invokeMethod(MethodInvocationHelper.java:84)
	at org.testng.internal.Invoker.invokeMethod(Invoker.java:714)
	at org.testng.internal.Invoker.invokeTestMethod(Invoker.java:901)
	at org.testng.internal.Invoker.invokeTestMethods(Invoker.java:1231)
	at org.testng.internal.TestMethodWorker.invokeTestMethods(TestMethodWorker.java:127)
	at org.testng.internal.TestMethodWorker.run(TestMethodWorker.java:111)
	at org.testng.TestRunner.privateRun(TestRunner.java:767)
	at org.testng.TestRunner.run(TestRunner.java:617)
	at org.testng.SuiteRunner.runTest(SuiteRunner.java:334)
	at org.testng.SuiteRunner.runSequentially(SuiteRunner.java:329)
	at org.testng.SuiteRunner.privateRun(SuiteRunner.java:291)
	at org.testng.SuiteRunner.run(SuiteRunner.java:240)
	at org.testng.SuiteRunnerWorker.runSuite(SuiteRunnerWorker.java:52)
	at org.testng.SuiteRunnerWorker.run(SuiteRunnerWorker.java:86)
	at org.testng.TestNG.runSuitesSequentially(TestNG.java:1224)
	at org.testng.TestNG.runSuitesLocally(TestNG.java:1149)
	at org.testng.TestNG.run(TestNG.java:1057)
	at org.testng.remote.RemoteTestNG.run(RemoteTestNG.java:111)
	at org.testng.remote.RemoteTestNG.initAndRun(RemoteTestNG.java:204)
	at org.testng.remote.RemoteTestNG.main(RemoteTestNG.java:175)
]]>
    </failure>
  </testcase> <!-- CheckHomeFuzzySearchNumber -->
  <testcase name="CheckHomeFuzzySearchNumber" time="2.995" classname="com.haiberg.automation.apps.client.testcases.CheckHomeFuzzySearch">
    <failure type="com.jacob.com.ComFailException" message="Invoke of: AddPicture
Source: Microsoft Word
Description: 这不是有效文件名。
请试用下列方法: 
* 检查路径，确认键入无误。
* 从文件和文件夹列表中选择文件。
">
      <![CDATA[com.jacob.com.ComFailException: Invoke of: AddPicture
Source: Microsoft Word
Description: 这不是有效文件名。
请试用下列方法: 
* 检查路径，确认键入无误。
* 从文件和文件夹列表中选择文件。

	at com.jacob.com.Dispatch.invokev(Native Method)
	at com.jacob.com.Dispatch.invokev(Dispatch.java:625)
	at com.jacob.com.Dispatch.callN(Dispatch.java:453)
	at com.jacob.com.Dispatch.call(Dispatch.java:541)
	at com.haiberg.automation.core.logger.control.WordManager.insertImage(WordManager.java:198)
	at com.haiberg.automation.core.logger.control.CoreLogger.error(CoreLogger.java:86)
	at com.haiberg.automation.CoreAuto.CoreAutomation.assertTrue(CoreAutomation.java:53)
	at com.haiberg.automation.apps.client.testcases.CheckHomeFuzzySearch.CheckHomeFuzzySearchNumber(CheckHomeFuzzySearch.java:105)
	at sun.reflect.NativeMethodAccessorImpl.invoke0(Native Method)
	at sun.reflect.NativeMethodAccessorImpl.invoke(NativeMethodAccessorImpl.java:57)
	at sun.reflect.DelegatingMethodAccessorImpl.invoke(DelegatingMethodAccessorImpl.java:43)
	at java.lang.reflect.Method.invoke(Method.java:606)
	at org.testng.internal.MethodInvocationHelper.invokeMethod(MethodInvocationHelper.java:84)
	at org.testng.internal.Invoker.invokeMethod(Invoker.java:714)
	at org.testng.internal.Invoker.invokeTestMethod(Invoker.java:901)
	at org.testng.internal.Invoker.invokeTestMethods(Invoker.java:1231)
	at org.testng.internal.TestMethodWorker.invokeTestMethods(TestMethodWorker.java:127)
	at org.testng.internal.TestMethodWorker.run(TestMethodWorker.java:111)
	at org.testng.TestRunner.privateRun(TestRunner.java:767)
	at org.testng.TestRunner.run(TestRunner.java:617)
	at org.testng.SuiteRunner.runTest(SuiteRunner.java:334)
	at org.testng.SuiteRunner.runSequentially(SuiteRunner.java:329)
	at org.testng.SuiteRunner.privateRun(SuiteRunner.java:291)
	at org.testng.SuiteRunner.run(SuiteRunner.java:240)
	at org.testng.SuiteRunnerWorker.runSuite(SuiteRunnerWorker.java:52)
	at org.testng.SuiteRunnerWorker.run(SuiteRunnerWorker.java:86)
	at org.testng.TestNG.runSuitesSequentially(TestNG.java:1224)
	at org.testng.TestNG.runSuitesLocally(TestNG.java:1149)
	at org.testng.TestNG.run(TestNG.java:1057)
	at org.testng.remote.RemoteTestNG.run(RemoteTestNG.java:111)
	at org.testng.remote.RemoteTestNG.initAndRun(RemoteTestNG.java:204)
	at org.testng.remote.RemoteTestNG.main(RemoteTestNG.java:175)
]]>
    </failure>
  </testcase> <!-- CheckHomeFuzzySearchNumber -->
  <testcase name="CheckHomeFuzzySearchNumber" time="2.001" classname="com.haiberg.automation.apps.client.testcases.CheckHomeFuzzySearch">
    <failure type="com.jacob.com.ComFailException" message="Invoke of: AddPicture
Source: Microsoft Word
Description: 这不是有效文件名。
请试用下列方法: 
* 检查路径，确认键入无误。
* 从文件和文件夹列表中选择文件。
">
      <![CDATA[com.jacob.com.ComFailException: Invoke of: AddPicture
Source: Microsoft Word
Description: 这不是有效文件名。
请试用下列方法: 
* 检查路径，确认键入无误。
* 从文件和文件夹列表中选择文件。

	at com.jacob.com.Dispatch.invokev(Native Method)
	at com.jacob.com.Dispatch.invokev(Dispatch.java:625)
	at com.jacob.com.Dispatch.callN(Dispatch.java:453)
	at com.jacob.com.Dispatch.call(Dispatch.java:541)
	at com.haiberg.automation.core.logger.control.WordManager.insertImage(WordManager.java:198)
	at com.haiberg.automation.core.logger.control.CoreLogger.error(CoreLogger.java:86)
	at com.haiberg.automation.CoreAuto.CoreAutomation.assertTrue(CoreAutomation.java:53)
	at com.haiberg.automation.apps.client.testcases.CheckHomeFuzzySearch.CheckHomeFuzzySearchNumber(CheckHomeFuzzySearch.java:105)
	at sun.reflect.NativeMethodAccessorImpl.invoke0(Native Method)
	at sun.reflect.NativeMethodAccessorImpl.invoke(NativeMethodAccessorImpl.java:57)
	at sun.reflect.DelegatingMethodAccessorImpl.invoke(DelegatingMethodAccessorImpl.java:43)
	at java.lang.reflect.Method.invoke(Method.java:606)
	at org.testng.internal.MethodInvocationHelper.invokeMethod(MethodInvocationHelper.java:84)
	at org.testng.internal.Invoker.invokeMethod(Invoker.java:714)
	at org.testng.internal.Invoker.invokeTestMethod(Invoker.java:901)
	at org.testng.internal.Invoker.invokeTestMethods(Invoker.java:1231)
	at org.testng.internal.TestMethodWorker.invokeTestMethods(TestMethodWorker.java:127)
	at org.testng.internal.TestMethodWorker.run(TestMethodWorker.java:111)
	at org.testng.TestRunner.privateRun(TestRunner.java:767)
	at org.testng.TestRunner.run(TestRunner.java:617)
	at org.testng.SuiteRunner.runTest(SuiteRunner.java:334)
	at org.testng.SuiteRunner.runSequentially(SuiteRunner.java:329)
	at org.testng.SuiteRunner.privateRun(SuiteRunner.java:291)
	at org.testng.SuiteRunner.run(SuiteRunner.java:240)
	at org.testng.SuiteRunnerWorker.runSuite(SuiteRunnerWorker.java:52)
	at org.testng.SuiteRunnerWorker.run(SuiteRunnerWorker.java:86)
	at org.testng.TestNG.runSuitesSequentially(TestNG.java:1224)
	at org.testng.TestNG.runSuitesLocally(TestNG.java:1149)
	at org.testng.TestNG.run(TestNG.java:1057)
	at org.testng.remote.RemoteTestNG.run(RemoteTestNG.java:111)
	at org.testng.remote.RemoteTestNG.initAndRun(RemoteTestNG.java:204)
	at org.testng.remote.RemoteTestNG.main(RemoteTestNG.java:175)
]]>
    </failure>
  </testcase> <!-- CheckHomeFuzzySearchNumber -->
</testsuite> <!-- com.haiberg.automation.apps.client.testcases.CheckHomeFuzzySearch -->
