<?xml version="1.0" encoding="UTF-8"?>
<!-- Generated by org.testng.reporters.JUnitReportReporter -->
<testsuite hostname="HBCNPC005" name="com.haiberg.automation.apps.client.testcases.KIKReceivedMPTicket03" tests="1" failures="0" timestamp="9 Mar 2016 07:55:34 GMT" time="63.801" errors="0">
  <testcase name="CheckMPOpenTicketFromKIK02" time="63.801" classname="com.haiberg.automation.apps.client.testcases.KIKReceivedMPTicket03"/>
</testsuite> <!-- com.haiberg.automation.apps.client.testcases.KIKReceivedMPTicket03 -->
